
bb_init()

bb_getattr(path="/", statbuf=0x104cefe0)
    bb_bkend_path:  bkend_dir = "/nethome/sliang32/cs3210-proj4/cs3210-proj4/example/rootdir/.p4_bckend/", path = "/", fpath = "/nethome/sliang32/cs3210-proj4/cs3210-proj4/example/rootdir/.p4_bckend//"
    st_dev = 17
    st_ino = 280424
    st_mode = 040755
    st_nlink = 2
    st_uid = 396531
    st_gid = 2626
    st_rdev = 0
    st_size = 4096
    st_blksize = 32768
    st_blocks = 8
    st_atime = 0x517450c1
    st_mtime = 0x517451da
    st_ctime = 0x517451da

bb_getattr(path="/gtbuzz.jpg", statbuf=0x10cf1fd0)
    bb_bkend_path:  bkend_dir = "/nethome/sliang32/cs3210-proj4/cs3210-proj4/example/rootdir/.p4_bckend/", path = "/gtbuzz.jpg", fpath = "/nethome/sliang32/cs3210-proj4/cs3210-proj4/example/rootdir/.p4_bckend//gtbuzz.jpg"
    ERROR bb_getattr lstat: No such file or directory
    st_dev = 0
    st_ino = 0
    st_mode = 00
    st_nlink = 0
    st_uid = 0
    st_gid = 0
    st_rdev = 0
    st_size = 0
    st_blksize = 0
    st_blocks = 0
    st_atime = 0x00000000
    st_mtime = 0x00000000
    st_ctime = 0x00000000

bb_getattr(path="/gtbuzz.jpg", statbuf=0x104cefd0)
    bb_bkend_path:  bkend_dir = "/nethome/sliang32/cs3210-proj4/cs3210-proj4/example/rootdir/.p4_bckend/", path = "/gtbuzz.jpg", fpath = "/nethome/sliang32/cs3210-proj4/cs3210-proj4/example/rootdir/.p4_bckend//gtbuzz.jpg"
    ERROR bb_getattr lstat: No such file or directory
    st_dev = 0
    st_ino = 0
    st_mode = 00
    st_nlink = 0
    st_uid = 0
    st_gid = 0
    st_rdev = 0
    st_size = 0
    st_blksize = 0
    st_blocks = 0
    st_atime = 0x00000000
    st_mtime = 0x00000000
    st_ctime = 0x00000000

bb_create(path="/gtbuzz.jpg", mode=0100744, fi=0x10cf20c0)
    bb_bkend_path:  bkend_dir = "/nethome/sliang32/cs3210-proj4/cs3210-proj4/example/rootdir/.p4_bckend/", path = "/gtbuzz.jpg", fpath = "/nethome/sliang32/cs3210-proj4/cs3210-proj4/example/rootdir/.p4_bckend//gtbuzz.jpg"
    flags = 0x00008041
    fh_old = 0x00000000
    writepage = 0
    direct_io = 0
    keep_cache = 0
    fh = 0x0000000000000005
    lock_owner = 0x0000000000000000

bb_fgetattr(path="/gtbuzz.jpg", statbuf=0x10cf1f90, fi=0x10cf20c0)
    flags = 0x00008041
    fh_old = 0x00000000
    writepage = 0
    direct_io = 0
    keep_cache = 0
    fh = 0x0000000000000005
    lock_owner = 0x0000000000000000
    st_dev = 17
    st_ino = 489373
    st_mode = 0100744
    st_nlink = 1
    st_uid = 396531
    st_gid = 2626
    st_rdev = 0
    st_size = 0
    st_blksize = 32768
    st_blocks = 0
    st_atime = 0x517451f4
    st_mtime = 0x517451f4
    st_ctime = 0x517451f4

bb_write(path="/gtbuzz.jpg", buf=0x104d0050, size=4096, offset=0, fi=0x104cf0c0)
    flags = 0x00000000
    fh_old = 0x00000005
    writepage = 0
    direct_io = 0
    keep_cache = 0
    fh = 0x0000000000000005
    lock_owner = 0x0000000000000000

bb_write(path="/gtbuzz.jpg", buf=0x10cf3050, size=4096, offset=4096, fi=0x10cf20c0)
    flags = 0x00000000
    fh_old = 0x00000005
    writepage = 0
    direct_io = 0
    keep_cache = 0
    fh = 0x0000000000000005
    lock_owner = 0x0000000000000000

bb_write(path="/gtbuzz.jpg", buf=0x104d0050, size=1396, offset=8192, fi=0x104cf0c0)
    flags = 0x00000000
    fh_old = 0x00000005
    writepage = 0
    direct_io = 0
    keep_cache = 0
    fh = 0x0000000000000005
    lock_owner = 0x0000000000000000

bb_flush(path="/gtbuzz.jpg", fi=0x10cf20c0)
    flags = 0x00000000
    fh_old = 0x00000005
    writepage = 0
    direct_io = 0
    keep_cache = 0
    fh = 0x0000000000000005
    lock_owner = 0xbc279abafc1fcedc

bb_release(path="/gtbuzz.jpg", fi=0x104cf0c0)
    flags = 0x00008001
    fh_old = 0x00000005
    writepage = 0
    direct_io = 0
    keep_cache = 0
    fh = 0x0000000000000005
    lock_owner = 0x0000000000000000

bb_getattr(path="/", statbuf=0x10cf1fe0)
    bb_bkend_path:  bkend_dir = "/nethome/sliang32/cs3210-proj4/cs3210-proj4/example/rootdir/.p4_bckend/", path = "/", fpath = "/nethome/sliang32/cs3210-proj4/cs3210-proj4/example/rootdir/.p4_bckend//"
    st_dev = 17
    st_ino = 280424
    st_mode = 040755
    st_nlink = 2
    st_uid = 396531
    st_gid = 2626
    st_rdev = 0
    st_size = 4096
    st_blksize = 32768
    st_blocks = 8
    st_atime = 0x517450c1
    st_mtime = 0x517451f4
    st_ctime = 0x517451f4

bb_access(path="/", mask=01)
    bb_bkend_path:  bkend_dir = "/nethome/sliang32/cs3210-proj4/cs3210-proj4/example/rootdir/.p4_bckend/", path = "/", fpath = "/nethome/sliang32/cs3210-proj4/cs3210-proj4/example/rootdir/.p4_bckend//"

bb_opendir(path="/", fi=0x10cf2000)
    bb_bkend_path:  bkend_dir = "/nethome/sliang32/cs3210-proj4/cs3210-proj4/example/rootdir/.p4_bckend/", path = "/", fpath = "/nethome/sliang32/cs3210-proj4/cs3210-proj4/example/rootdir/.p4_bckend//"
    flags = 0x00018800
    fh_old = 0x00000000
    writepage = 0
    direct_io = 0
    keep_cache = 0
    fh = 0x000000000063ed10
    lock_owner = 0x0000000000000000

bb_readdir(path="/", buf=0x0063ec90, filler=0x10d21840, offset=0, fi=0x104cf000)
calling filler with name gtbuzz.jpg
calling filler with name ..
calling filler with name .
    flags = 0x00000000
    fh_old = 0x0063ed10
    writepage = 0
    direct_io = 0
    keep_cache = 0
    fh = 0x000000000063ed10
    lock_owner = 0x0000000000000000

bb_getattr(path="/gtbuzz.jpg", statbuf=0x10cf1fd0)
    bb_bkend_path:  bkend_dir = "/nethome/sliang32/cs3210-proj4/cs3210-proj4/example/rootdir/.p4_bckend/", path = "/gtbuzz.jpg", fpath = "/nethome/sliang32/cs3210-proj4/cs3210-proj4/example/rootdir/.p4_bckend//gtbuzz.jpg"
    st_dev = 17
    st_ino = 489373
    st_mode = 0100744
    st_nlink = 1
    st_uid = 396531
    st_gid = 2626
    st_rdev = 0
    st_size = 9588
    st_blksize = 32768
    st_blocks = 24
    st_atime = 0x517451f4
    st_mtime = 0x517451f4
    st_ctime = 0x517451f4

bb_releasedir(path="/", fi=0x10cf2000)
    flags = 0x00000000
    fh_old = 0x0063ed10
    writepage = 0
    direct_io = 0
    keep_cache = 0
    fh = 0x000000000063ed10
    lock_owner = 0x0000000000000000

bb_opendir(path="/", fi=0x104cf000)
    bb_bkend_path:  bkend_dir = "/nethome/sliang32/cs3210-proj4/cs3210-proj4/example/rootdir/.p4_bckend/", path = "/", fpath = "/nethome/sliang32/cs3210-proj4/cs3210-proj4/example/rootdir/.p4_bckend//"
    flags = 0x00018800
    fh_old = 0x00000000
    writepage = 0
    direct_io = 0
    keep_cache = 0
    fh = 0x000000000063ed10
    lock_owner = 0x0000000000000000

bb_readdir(path="/", buf=0x0063ec90, filler=0x10d21840, offset=0, fi=0x10cf2000)
calling filler with name gtbuzz.jpg
calling filler with name ..
calling filler with name .
    flags = 0x00000000
    fh_old = 0x0063ed10
    writepage = 0
    direct_io = 0
    keep_cache = 0
    fh = 0x000000000063ed10
    lock_owner = 0x0000000000000000

bb_releasedir(path="/", fi=0x10cf2000)
    flags = 0x00000000
    fh_old = 0x0063ed10
    writepage = 0
    direct_io = 0
    keep_cache = 0
    fh = 0x000000000063ed10
    lock_owner = 0x0000000000000000

bb_getattr(path="/gtbuzz.jpg", statbuf=0x104cefd0)
    bb_bkend_path:  bkend_dir = "/nethome/sliang32/cs3210-proj4/cs3210-proj4/example/rootdir/.p4_bckend/", path = "/gtbuzz.jpg", fpath = "/nethome/sliang32/cs3210-proj4/cs3210-proj4/example/rootdir/.p4_bckend//gtbuzz.jpg"
    st_dev = 17
    st_ino = 489373
    st_mode = 0100744
    st_nlink = 1
    st_uid = 396531
    st_gid = 2626
    st_rdev = 0
    st_size = 9588
    st_blksize = 32768
    st_blocks = 24
    st_atime = 0x517451f4
    st_mtime = 0x517451f4
    st_ctime = 0x517451f4

bb_getattr(path="/", statbuf=0x10cf1fe0)
    bb_bkend_path:  bkend_dir = "/nethome/sliang32/cs3210-proj4/cs3210-proj4/example/rootdir/.p4_bckend/", path = "/", fpath = "/nethome/sliang32/cs3210-proj4/cs3210-proj4/example/rootdir/.p4_bckend//"
    st_dev = 17
    st_ino = 280424
    st_mode = 040755
    st_nlink = 2
    st_uid = 396531
    st_gid = 2626
    st_rdev = 0
    st_size = 4096
    st_blksize = 32768
    st_blocks = 8
    st_atime = 0x517450c1
    st_mtime = 0x517451f4
    st_ctime = 0x517451f4

bb_getattr(path="/display", statbuf=0x104cefd0)
    bb_bkend_path:  bkend_dir = "/nethome/sliang32/cs3210-proj4/cs3210-proj4/example/rootdir/.p4_bckend/", path = "/display", fpath = "/nethome/sliang32/cs3210-proj4/cs3210-proj4/example/rootdir/.p4_bckend//display"
    ERROR bb_getattr lstat: No such file or directory
    st_dev = 0
    st_ino = 0
    st_mode = 00
    st_nlink = 0
    st_uid = 0
    st_gid = 0
    st_rdev = 0
    st_size = 0
    st_blksize = 0
    st_blocks = 0
    st_atime = 0x00000000
    st_mtime = 0x00000000
    st_ctime = 0x00000000

bb_getattr(path="/display", statbuf=0x10cf1fd0)
    bb_bkend_path:  bkend_dir = "/nethome/sliang32/cs3210-proj4/cs3210-proj4/example/rootdir/.p4_bckend/", path = "/display", fpath = "/nethome/sliang32/cs3210-proj4/cs3210-proj4/example/rootdir/.p4_bckend//display"
    ERROR bb_getattr lstat: No such file or directory
    st_dev = 0
    st_ino = 0
    st_mode = 00
    st_nlink = 0
    st_uid = 0
    st_gid = 0
    st_rdev = 0
    st_size = 0
    st_blksize = 0
    st_blocks = 0
    st_atime = 0x00000000
    st_mtime = 0x00000000
    st_ctime = 0x00000000

bb_getattr(path="/display", statbuf=0x104cefd0)
    bb_bkend_path:  bkend_dir = "/nethome/sliang32/cs3210-proj4/cs3210-proj4/example/rootdir/.p4_bckend/", path = "/display", fpath = "/nethome/sliang32/cs3210-proj4/cs3210-proj4/example/rootdir/.p4_bckend//display"
    ERROR bb_getattr lstat: No such file or directory
    st_dev = 0
    st_ino = 0
    st_mode = 00
    st_nlink = 0
    st_uid = 0
    st_gid = 0
    st_rdev = 0
    st_size = 0
    st_blksize = 0
    st_blocks = 0
    st_atime = 0x00000000
    st_mtime = 0x00000000
    st_ctime = 0x00000000

bb_getattr(path="/display", statbuf=0x10cf1fd0)
    bb_bkend_path:  bkend_dir = "/nethome/sliang32/cs3210-proj4/cs3210-proj4/example/rootdir/.p4_bckend/", path = "/display", fpath = "/nethome/sliang32/cs3210-proj4/cs3210-proj4/example/rootdir/.p4_bckend//display"
    ERROR bb_getattr lstat: No such file or directory
    st_dev = 0
    st_ino = 0
    st_mode = 00
    st_nlink = 0
    st_uid = 0
    st_gid = 0
    st_rdev = 0
    st_size = 0
    st_blksize = 0
    st_blocks = 0
    st_atime = 0x00000000
    st_mtime = 0x00000000
    st_ctime = 0x00000000

bb_getattr(path="/display", statbuf=0x104cefd0)
    bb_bkend_path:  bkend_dir = "/nethome/sliang32/cs3210-proj4/cs3210-proj4/example/rootdir/.p4_bckend/", path = "/display", fpath = "/nethome/sliang32/cs3210-proj4/cs3210-proj4/example/rootdir/.p4_bckend//display"
    ERROR bb_getattr lstat: No such file or directory
    st_dev = 0
    st_ino = 0
    st_mode = 00
    st_nlink = 0
    st_uid = 0
    st_gid = 0
    st_rdev = 0
    st_size = 0
    st_blksize = 0
    st_blocks = 0
    st_atime = 0x00000000
    st_mtime = 0x00000000
    st_ctime = 0x00000000

bb_getattr(path="/display", statbuf=0x10cf1fd0)
    bb_bkend_path:  bkend_dir = "/nethome/sliang32/cs3210-proj4/cs3210-proj4/example/rootdir/.p4_bckend/", path = "/display", fpath = "/nethome/sliang32/cs3210-proj4/cs3210-proj4/example/rootdir/.p4_bckend//display"
    ERROR bb_getattr lstat: No such file or directory
    st_dev = 0
    st_ino = 0
    st_mode = 00
    st_nlink = 0
    st_uid = 0
    st_gid = 0
    st_rdev = 0
    st_size = 0
    st_blksize = 0
    st_blocks = 0
    st_atime = 0x00000000
    st_mtime = 0x00000000
    st_ctime = 0x00000000

bb_open(path"/gtbuzz.jpg", fi=0x104cf0c0)
    bb_bkend_path:  bkend_dir = "/nethome/sliang32/cs3210-proj4/cs3210-proj4/example/rootdir/.p4_bckend/", path = "/gtbuzz.jpg", fpath = "/nethome/sliang32/cs3210-proj4/cs3210-proj4/example/rootdir/.p4_bckend//gtbuzz.jpg"
    flags = 0x00008000
    fh_old = 0x00000000
    writepage = 0
    direct_io = 0
    keep_cache = 0
    fh = 0x0000000000000005
    lock_owner = 0x0000000000000000

bb_read(path="/gtbuzz.jpg", buf=0x0063ec90, size=12288, offset=0, fi=0x10cf20c0)
    flags = 0x00000000
    fh_old = 0x00000005
    writepage = 0
    direct_io = 0
    keep_cache = 0
    fh = 0x0000000000000005
    lock_owner = 0x0000000000000000

bb_getattr(path="/gtbuzz.jpg", statbuf=0x104cefe0)
    bb_bkend_path:  bkend_dir = "/nethome/sliang32/cs3210-proj4/cs3210-proj4/example/rootdir/.p4_bckend/", path = "/gtbuzz.jpg", fpath = "/nethome/sliang32/cs3210-proj4/cs3210-proj4/example/rootdir/.p4_bckend//gtbuzz.jpg"
    st_dev = 17
    st_ino = 489373
    st_mode = 0100744
    st_nlink = 1
    st_uid = 396531
    st_gid = 2626
    st_rdev = 0
    st_size = 9588
    st_blksize = 32768
    st_blocks = 24
    st_atime = 0x517451f4
    st_mtime = 0x517451f4
    st_ctime = 0x517451f4

bb_flush(path="/gtbuzz.jpg", fi=0x10cf20c0)
    flags = 0x00000000
    fh_old = 0x00000005
    writepage = 0
    direct_io = 0
    keep_cache = 0
    fh = 0x0000000000000005
    lock_owner = 0xbc279abafc1fcedc

bb_release(path="/gtbuzz.jpg", fi=0x104cf0c0)
    flags = 0x00008000
    fh_old = 0x00000005
    writepage = 0
    direct_io = 0
    keep_cache = 0
    fh = 0x0000000000000005
    lock_owner = 0x0000000000000000

bb_open(path"/gtbuzz.jpg", fi=0x10cf20c0)
    bb_bkend_path:  bkend_dir = "/nethome/sliang32/cs3210-proj4/cs3210-proj4/example/rootdir/.p4_bckend/", path = "/gtbuzz.jpg", fpath = "/nethome/sliang32/cs3210-proj4/cs3210-proj4/example/rootdir/.p4_bckend//gtbuzz.jpg"
    flags = 0x00008000
    fh_old = 0x00000000
    writepage = 0
    direct_io = 0
    keep_cache = 0
    fh = 0x0000000000000005
    lock_owner = 0x0000000000000000

bb_read(path="/gtbuzz.jpg", buf=0x0063ec90, size=12288, offset=0, fi=0x104cf0c0)
    flags = 0x00000000
    fh_old = 0x00000005
    writepage = 0
    direct_io = 0
    keep_cache = 0
    fh = 0x0000000000000005
    lock_owner = 0x0000000000000000

bb_getattr(path="/gtbuzz.jpg", statbuf=0x10cf1fe0)
    bb_bkend_path:  bkend_dir = "/nethome/sliang32/cs3210-proj4/cs3210-proj4/example/rootdir/.p4_bckend/", path = "/gtbuzz.jpg", fpath = "/nethome/sliang32/cs3210-proj4/cs3210-proj4/example/rootdir/.p4_bckend//gtbuzz.jpg"
    st_dev = 17
    st_ino = 489373
    st_mode = 0100744
    st_nlink = 1
    st_uid = 396531
    st_gid = 2626
    st_rdev = 0
    st_size = 9588
    st_blksize = 32768
    st_blocks = 24
    st_atime = 0x517451f4
    st_mtime = 0x517451f4
    st_ctime = 0x517451f4

bb_flush(path="/gtbuzz.jpg", fi=0x104cf0c0)
    flags = 0x00000000
    fh_old = 0x00000005
    writepage = 0
    direct_io = 0
    keep_cache = 0
    fh = 0x0000000000000005
    lock_owner = 0xbc279abafc1fcedc

bb_release(path="/gtbuzz.jpg", fi=0x10cf20c0)
    flags = 0x00008000
    fh_old = 0x00000005
    writepage = 0
    direct_io = 0
    keep_cache = 0
    fh = 0x0000000000000005
    lock_owner = 0x0000000000000000

bb_getattr(path="/gtbuzz.jpg", statbuf=0x104cefd0)
    bb_bkend_path:  bkend_dir = "/nethome/sliang32/cs3210-proj4/cs3210-proj4/example/rootdir/.p4_bckend/", path = "/gtbuzz.jpg", fpath = "/nethome/sliang32/cs3210-proj4/cs3210-proj4/example/rootdir/.p4_bckend//gtbuzz.jpg"
    st_dev = 17
    st_ino = 489373
    st_mode = 0100744
    st_nlink = 1
    st_uid = 396531
    st_gid = 2626
    st_rdev = 0
    st_size = 9588
    st_blksize = 32768
    st_blocks = 24
    st_atime = 0x517451f4
    st_mtime = 0x517451f4
    st_ctime = 0x517451f4

bb_access(path="/", mask=01)
    bb_bkend_path:  bkend_dir = "/nethome/sliang32/cs3210-proj4/cs3210-proj4/example/rootdir/.p4_bckend/", path = "/", fpath = "/nethome/sliang32/cs3210-proj4/cs3210-proj4/example/rootdir/.p4_bckend//"

bb_getattr(path="/", statbuf=0x104cefe0)
    bb_bkend_path:  bkend_dir = "/nethome/sliang32/cs3210-proj4/cs3210-proj4/example/rootdir/.p4_bckend/", path = "/", fpath = "/nethome/sliang32/cs3210-proj4/cs3210-proj4/example/rootdir/.p4_bckend//"
    st_dev = 17
    st_ino = 280424
    st_mode = 040755
    st_nlink = 2
    st_uid = 396531
    st_gid = 2626
    st_rdev = 0
    st_size = 4096
    st_blksize = 32768
    st_blocks = 8
    st_atime = 0x517450c1
    st_mtime = 0x517451f4
    st_ctime = 0x517451f4

bb_getattr(path="/", statbuf=0x10cf1fe0)
    bb_bkend_path:  bkend_dir = "/nethome/sliang32/cs3210-proj4/cs3210-proj4/example/rootdir/.p4_bckend/", path = "/", fpath = "/nethome/sliang32/cs3210-proj4/cs3210-proj4/example/rootdir/.p4_bckend//"
    st_dev = 17
    st_ino = 280424
    st_mode = 040755
    st_nlink = 2
    st_uid = 396531
    st_gid = 2626
    st_rdev = 0
    st_size = 4096
    st_blksize = 32768
    st_blocks = 8
    st_atime = 0x517450c1
    st_mtime = 0x517451f4
    st_ctime = 0x517451f4

bb_destroy(userdata=0x00605010)
